# JRE version: OpenJDK Runtime Environment (11.0.10) (build 11.0.10+0-b96-7249189)
# Java VM: OpenJDK 64-Bit Server VM (11.0.10+0-b96-7249189, mixed mode, tiered, compressed oops, g1 gc, linux-amd64)
Heap:
 garbage-first heap   total 268288K, used 136210K [0x0000000080000000, 0x0000000100000000)
  region size 1024K, 16 young (16384K), 5 survivors (5120K)
 Metaspace       used 131606K, capacity 135859K, committed 136064K, reserved 1167360K
  class space    used 16606K, capacity 18194K, committed 18304K, reserved 1048576K
GC Heap History (20 events):
Event: 578,912 GC heap before
{Heap before GC invocations=58 (full 0):
 garbage-first heap   total 268288K, used 143980K [0x0000000080000000, 0x0000000100000000)
  region size 1024K, 11 young (11264K), 2 survivors (2048K)
 Metaspace       used 129298K, capacity 132880K, committed 133504K, reserved 1165312K
  class space    used 16371K, capacity 17763K, committed 18048K, reserved 1048576K
}
Event: 578,920 GC heap after
{Heap after GC invocations=59 (full 0):
 garbage-first heap   total 268288K, used 140603K [0x0000000080000000, 0x0000000100000000)
  region size 1024K, 7 young (7168K), 7 survivors (7168K)
 Metaspace       used 129298K, capacity 132880K, committed 133504K, reserved 1165312K
  class space    used 16371K, capacity 17763K, committed 18048K, reserved 1048576K
}
Event: 579,662 GC heap before
{Heap before GC invocations=60 (full 0):
 garbage-first heap   total 268288K, used 221499K [0x0000000080000000, 0x0000000100000000)
  region size 1024K, 74 young (75776K), 7 survivors (7168K)
 Metaspace       used 129369K, capacity 133009K, committed 133504K, reserved 1165312K
  class space    used 16371K, capacity 17763K, committed 18048K, reserved 1048576K
}
Event: 579,671 GC heap after
{Heap after GC invocations=61 (full 0):
 garbage-first heap   total 268288K, used 142888K [0x0000000080000000, 0x0000000100000000)
  region size 1024K, 9 young (9216K), 9 survivors (9216K)
 Metaspace       used 129369K, capacity 133009K, committed 133504K, reserved 1165312K
  class space    used 16371K, capacity 17763K, committed 18048K, reserved 1048576K
}
Event: 579,676 GC heap before
{Heap before GC invocations=61 (full 0):
 garbage-first heap   total 268288K, used 146984K [0x0000000080000000, 0x0000000100000000)
  region size 1024K, 13 young (13312K), 9 survivors (9216K)
 Metaspace       used 129369K, capacity 133009K, committed 133504K, reserved 1165312K
  class space    used 16371K, capacity 17763K, committed 18048K, reserved 1048576K
}
Event: 579,688 GC heap after
{Heap after GC invocations=62 (full 0):
 garbage-first heap   total 268288K, used 129174K [0x0000000080000000, 0x0000000100000000)
  region size 1024K, 1 young (1024K), 1 survivors (1024K)
 Metaspace       used 129369K, capacity 133009K, committed 133504K, reserved 1165312K
  class space    used 16371K, capacity 17763K, committed 18048K, reserved 1048576K
}
Event: 579,883 GC heap before
{Heap before GC invocations=62 (full 0):
 garbage-first heap   total 268288K, used 154774K [0x0000000080000000, 0x0000000100000000)
  region size 1024K, 28 young (28672K), 1 survivors (1024K)
 Metaspace       used 129399K, capacity 133075K, committed 133504K, reserved 1165312K
  class space    used 16371K, capacity 17763K, committed 18048K, reserved 1048576K
}
Event: 579,898 GC heap after
{Heap after GC invocations=63 (full 0):
 garbage-first heap   total 268288K, used 129534K [0x0000000080000000, 0x0000000100000000)
  region size 1024K, 2 young (2048K), 2 survivors (2048K)
 Metaspace       used 129399K, capacity 133075K, committed 133504K, reserved 1165312K
  class space    used 16371K, capacity 17763K, committed 18048K, reserved 1048576K
}
Event: 899,641 GC heap before
{Heap before GC invocations=64 (full 0):
 garbage-first heap   total 268288K, used 233982K [0x0000000080000000, 0x0000000100000000)
  region size 1024K, 85 young (87040K), 2 survivors (2048K)
 Metaspace       used 129843K, capacity 133561K, committed 134016K, reserved 1165312K
  class space    used 16399K, capacity 17814K, committed 18048K, reserved 1048576K
}
Event: 899,647 GC heap after
{Heap after GC invocations=65 (full 0):
 garbage-first heap   total 268288K, used 125209K [0x0000000080000000, 0x0000000100000000)
  region size 1024K, 1 young (1024K), 1 survivors (1024K)
 Metaspace       used 129843K, capacity 133561K, committed 134016K, reserved 1165312K
  class space    used 16399K, capacity 17814K, committed 18048K, reserved 1048576K
}
Event: 1103,897 GC heap before
{Heap before GC invocations=65 (full 0):
 garbage-first heap   total 268288K, used 136473K [0x0000000080000000, 0x0000000100000000)
  region size 1024K, 13 young (13312K), 1 survivors (1024K)
 Metaspace       used 129869K, capacity 133568K, committed 134016K, reserved 1165312K
  class space    used 16400K, capacity 17815K, committed 18048K, reserved 1048576K
}
Event: 1103,902 GC heap after
{Heap after GC invocations=66 (full 0):
 garbage-first heap   total 268288K, used 116325K [0x0000000080000000, 0x0000000100000000)
  region size 1024K, 2 young (2048K), 2 survivors (2048K)
 Metaspace       used 129869K, capacity 133568K, committed 134016K, reserved 1165312K
  class space    used 16400K, capacity 17815K, committed 18048K, reserved 1048576K
}
Event: 1107,017 GC heap before
{Heap before GC invocations=66 (full 0):
 garbage-first heap   total 268288K, used 216677K [0x0000000080000000, 0x0000000100000000)
  region size 1024K, 101 young (103424K), 2 survivors (2048K)
 Metaspace       used 130325K, capacity 133999K, committed 134272K, reserved 1165312K
  class space    used 16404K, capacity 17822K, committed 18048K, reserved 1048576K
}
Event: 1107,029 GC heap after
{Heap after GC invocations=67 (full 0):
 garbage-first heap   total 268288K, used 123234K [0x0000000080000000, 0x0000000100000000)
  region size 1024K, 9 young (9216K), 9 survivors (9216K)
 Metaspace       used 130325K, capacity 133999K, committed 134272K, reserved 1165312K
  class space    used 16404K, capacity 17822K, committed 18048K, reserved 1048576K
}
Event: 3408,248 GC heap before
{Heap before GC invocations=68 (full 0):
 garbage-first heap   total 268288K, used 242018K [0x0000000080000000, 0x0000000100000000)
  region size 1024K, 102 young (104448K), 9 survivors (9216K)
 Metaspace       used 130872K, capacity 134754K, committed 135040K, reserved 1167360K
  class space    used 16458K, capacity 17921K, committed 18048K, reserved 1048576K
}
Event: 3408,322 GC heap after
{Heap after GC invocations=69 (full 0):
 garbage-first heap   total 268288K, used 126758K [0x0000000080000000, 0x0000000100000000)
  region size 1024K, 5 young (5120K), 5 survivors (5120K)
 Metaspace       used 130872K, capacity 134754K, committed 135040K, reserved 1167360K
  class space    used 16458K, capacity 17921K, committed 18048K, reserved 1048576K
}
Event: 3408,504 GC heap before
{Heap before GC invocations=69 (full 0):
 garbage-first heap   total 268288K, used 134950K [0x0000000080000000, 0x0000000100000000)
  region size 1024K, 13 young (13312K), 5 survivors (5120K)
 Metaspace       used 130960K, capacity 134831K, committed 135040K, reserved 1167360K
  class space    used 16470K, capacity 17943K, committed 18048K, reserved 1048576K
}
Event: 3408,557 GC heap after
{Heap after GC invocations=70 (full 0):
 garbage-first heap   total 268288K, used 123493K [0x0000000080000000, 0x0000000100000000)
  region size 1024K, 2 young (2048K), 2 survivors (2048K)
 Metaspace       used 130960K, capacity 134831K, committed 135040K, reserved 1167360K
  class space    used 16470K, capacity 17943K, committed 18048K, reserved 1048576K
}
Event: 3411,117 GC heap before
{Heap before GC invocations=70 (full 0):
 garbage-first heap   total 268288K, used 217701K [0x0000000080000000, 0x0000000100000000)
  region size 1024K, 95 young (97280K), 2 survivors (2048K)
 Metaspace       used 131606K, capacity 135859K, committed 136064K, reserved 1167360K
  class space    used 16606K, capacity 18194K, committed 18304K, reserved 1048576K
}
Event: 3411,132 GC heap after
{Heap after GC invocations=71 (full 0):
 garbage-first heap   total 268288K, used 125970K [0x0000000080000000, 0x0000000100000000)
  region size 1024K, 5 young (5120K), 5 survivors (5120K)
 Metaspace       used 131606K, capacity 135859K, committed 136064K, reserved 1167360K
  class space    used 16606K, capacity 18194K, committed 18304K, reserved 1048576K
}

