# JRE version: OpenJDK Runtime Environment (11.0.10) (build 11.0.10+0-b96-7249189)
# Java VM: OpenJDK 64-Bit Server VM (11.0.10+0-b96-7249189, mixed mode, tiered, compressed oops, g1 gc, linux-amd64)
Heap:
 garbage-first heap   total 233472K, used 125264K [0x0000000080000000, 0x0000000100000000)
  region size 1024K, 14 young (14336K), 4 survivors (4096K)
 Metaspace       used 117731K, capacity 121002K, committed 121292K, reserved 1155072K
  class space    used 15297K, capacity 16554K, committed 16588K, reserved 1048576K
GC Heap History (20 events):
Event: 15,077 GC heap before
{Heap before GC invocations=20 (full 0):
 garbage-first heap   total 233472K, used 167626K [0x0000000080000000, 0x0000000100000000)
  region size 1024K, 92 young (94208K), 11 survivors (11264K)
 Metaspace       used 97792K, capacity 100448K, committed 100608K, reserved 1136640K
  class space    used 12800K, capacity 13761K, committed 13824K, reserved 1048576K
}
Event: 15,091 GC heap after
{Heap after GC invocations=21 (full 0):
 garbage-first heap   total 233472K, used 90893K [0x0000000080000000, 0x0000000100000000)
  region size 1024K, 10 young (10240K), 10 survivors (10240K)
 Metaspace       used 97792K, capacity 100448K, committed 100608K, reserved 1136640K
  class space    used 12800K, capacity 13761K, committed 13824K, reserved 1048576K
}
Event: 16,100 GC heap before
{Heap before GC invocations=22 (full 0):
 garbage-first heap   total 233472K, used 201485K [0x0000000080000000, 0x0000000100000000)
  region size 1024K, 96 young (98304K), 10 survivors (10240K)
 Metaspace       used 106104K, capacity 109073K, committed 109260K, reserved 1142784K
  class space    used 14081K, capacity 15178K, committed 15308K, reserved 1048576K
}
Event: 16,112 GC heap after
{Heap after GC invocations=23 (full 0):
 garbage-first heap   total 233472K, used 112374K [0x0000000080000000, 0x0000000100000000)
  region size 1024K, 9 young (9216K), 9 survivors (9216K)
 Metaspace       used 106104K, capacity 109073K, committed 109260K, reserved 1142784K
  class space    used 14081K, capacity 15178K, committed 15308K, reserved 1048576K
}
Event: 215,264 GC heap before
{Heap before GC invocations=24 (full 0):
 garbage-first heap   total 233472K, used 209654K [0x0000000080000000, 0x0000000100000000)
  region size 1024K, 87 young (89088K), 9 survivors (9216K)
 Metaspace       used 107643K, capacity 110782K, committed 110924K, reserved 1144832K
  class space    used 14195K, capacity 15370K, committed 15436K, reserved 1048576K
}
Event: 215,278 GC heap after
{Heap after GC invocations=25 (full 0):
 garbage-first heap   total 233472K, used 102124K [0x0000000080000000, 0x0000000100000000)
  region size 1024K, 11 young (11264K), 11 survivors (11264K)
 Metaspace       used 107643K, capacity 110782K, committed 110924K, reserved 1144832K
  class space    used 14195K, capacity 15370K, committed 15436K, reserved 1048576K
}
Event: 216,791 GC heap before
{Heap before GC invocations=25 (full 0):
 garbage-first heap   total 233472K, used 176876K [0x0000000080000000, 0x0000000100000000)
  region size 1024K, 72 young (73728K), 11 survivors (11264K)
 Metaspace       used 108100K, capacity 111253K, committed 111436K, reserved 1144832K
  class space    used 14202K, capacity 15382K, committed 15436K, reserved 1048576K
}
Event: 216,801 GC heap after
{Heap after GC invocations=26 (full 0):
 garbage-first heap   total 233472K, used 119269K [0x0000000080000000, 0x0000000100000000)
  region size 1024K, 3 young (3072K), 3 survivors (3072K)
 Metaspace       used 108100K, capacity 111253K, committed 111436K, reserved 1144832K
  class space    used 14202K, capacity 15382K, committed 15436K, reserved 1048576K
}
Event: 625,673 GC heap before
{Heap before GC invocations=27 (full 0):
 garbage-first heap   total 233472K, used 216549K [0x0000000080000000, 0x0000000100000000)
  region size 1024K, 71 young (72704K), 3 survivors (3072K)
 Metaspace       used 108789K, capacity 111970K, committed 112332K, reserved 1146880K
  class space    used 14239K, capacity 15444K, committed 15564K, reserved 1048576K
}
Event: 625,702 GC heap after
{Heap after GC invocations=28 (full 0):
 garbage-first heap   total 233472K, used 109370K [0x0000000080000000, 0x0000000100000000)
  region size 1024K, 8 young (8192K), 8 survivors (8192K)
 Metaspace       used 108789K, capacity 111970K, committed 112332K, reserved 1146880K
  class space    used 14239K, capacity 15444K, committed 15564K, reserved 1048576K
}
Event: 625,750 GC heap before
{Heap before GC invocations=28 (full 0):
 garbage-first heap   total 233472K, used 112442K [0x0000000080000000, 0x0000000100000000)
  region size 1024K, 11 young (11264K), 8 survivors (8192K)
 Metaspace       used 108912K, capacity 112109K, committed 112332K, reserved 1146880K
  class space    used 14251K, capacity 15446K, committed 15564K, reserved 1048576K
}
Event: 625,771 GC heap after
{Heap after GC invocations=29 (full 0):
 garbage-first heap   total 233472K, used 108407K [0x0000000080000000, 0x0000000100000000)
  region size 1024K, 1 young (1024K), 1 survivors (1024K)
 Metaspace       used 108912K, capacity 112109K, committed 112332K, reserved 1146880K
  class space    used 14251K, capacity 15446K, committed 15564K, reserved 1048576K
}
Event: 629,632 GC heap before
{Heap before GC invocations=29 (full 0):
 garbage-first heap   total 233472K, used 182135K [0x0000000080000000, 0x0000000100000000)
  region size 1024K, 74 young (75776K), 1 survivors (1024K)
 Metaspace       used 110239K, capacity 113488K, committed 113740K, reserved 1146880K
  class space    used 14388K, capacity 15606K, committed 15692K, reserved 1048576K
}
Event: 629,712 GC heap after
{Heap after GC invocations=30 (full 0):
 garbage-first heap   total 233472K, used 112772K [0x0000000080000000, 0x0000000100000000)
  region size 1024K, 6 young (6144K), 6 survivors (6144K)
 Metaspace       used 110239K, capacity 113488K, committed 113740K, reserved 1146880K
  class space    used 14388K, capacity 15606K, committed 15692K, reserved 1048576K
}
Event: 664,469 GC heap before
{Heap before GC invocations=31 (full 0):
 garbage-first heap   total 233472K, used 185476K [0x0000000080000000, 0x0000000100000000)
  region size 1024K, 78 young (79872K), 6 survivors (6144K)
 Metaspace       used 111514K, capacity 114695K, committed 114892K, reserved 1148928K
  class space    used 14521K, capacity 15730K, committed 15820K, reserved 1048576K
}
Event: 664,528 GC heap after
{Heap after GC invocations=32 (full 0):
 garbage-first heap   total 233472K, used 118376K [0x0000000080000000, 0x0000000100000000)
  region size 1024K, 10 young (10240K), 10 survivors (10240K)
 Metaspace       used 111514K, capacity 114695K, committed 114892K, reserved 1148928K
  class space    used 14521K, capacity 15730K, committed 15820K, reserved 1048576K
}
Event: 664,553 GC heap before
{Heap before GC invocations=32 (full 0):
 garbage-first heap   total 233472K, used 118376K [0x0000000080000000, 0x0000000100000000)
  region size 1024K, 11 young (11264K), 10 survivors (10240K)
 Metaspace       used 111517K, capacity 114695K, committed 114892K, reserved 1148928K
  class space    used 14521K, capacity 15730K, committed 15820K, reserved 1048576K
}
Event: 664,600 GC heap after
{Heap after GC invocations=33 (full 0):
 garbage-first heap   total 233472K, used 112392K [0x0000000080000000, 0x0000000100000000)
  region size 1024K, 2 young (2048K), 2 survivors (2048K)
 Metaspace       used 111517K, capacity 114695K, committed 114892K, reserved 1148928K
  class space    used 14521K, capacity 15730K, committed 15820K, reserved 1048576K
}
Event: 665,506 GC heap before
{Heap before GC invocations=33 (full 0):
 garbage-first heap   total 233472K, used 151304K [0x0000000080000000, 0x0000000100000000)
  region size 1024K, 42 young (43008K), 2 survivors (2048K)
 Metaspace       used 117647K, capacity 120862K, committed 121036K, reserved 1153024K
  class space    used 15292K, capacity 16550K, committed 16588K, reserved 1048576K
}
Event: 665,533 GC heap after
{Heap after GC invocations=34 (full 0):
 garbage-first heap   total 233472K, used 114000K [0x0000000080000000, 0x0000000100000000)
  region size 1024K, 4 young (4096K), 4 survivors (4096K)
 Metaspace       used 117647K, capacity 120862K, committed 121036K, reserved 1153024K
  class space    used 15292K, capacity 16550K, committed 16588K, reserved 1048576K
}

