# JRE version: OpenJDK Runtime Environment (11.0.10) (build 11.0.10+0-b96-7249189)
# Java VM: OpenJDK 64-Bit Server VM (11.0.10+0-b96-7249189, mixed mode, tiered, compressed oops, g1 gc, linux-amd64)
Heap:
 garbage-first heap   total 252928K, used 146979K [0x0000000080000000, 0x0000000100000000)
  region size 1024K, 27 young (27648K), 13 survivors (13312K)
 Metaspace       used 122673K, capacity 125902K, committed 128128K, reserved 1159168K
  class space    used 15548K, capacity 16746K, committed 17536K, reserved 1048576K
GC Heap History (20 events):
Event: 17,294 GC heap before
{Heap before GC invocations=27 (full 0):
 garbage-first heap   total 264192K, used 111777K [0x0000000080000000, 0x0000000100000000)
  region size 1024K, 12 young (12288K), 10 survivors (10240K)
 Metaspace       used 101334K, capacity 103776K, committed 103936K, reserved 1138688K
  class space    used 12796K, capacity 13717K, committed 13824K, reserved 1048576K
}
Event: 17,301 GC heap after
{Heap after GC invocations=28 (full 0):
 garbage-first heap   total 264192K, used 111890K [0x0000000080000000, 0x0000000100000000)
  region size 1024K, 2 young (2048K), 2 survivors (2048K)
 Metaspace       used 101334K, capacity 103776K, committed 103936K, reserved 1138688K
  class space    used 12796K, capacity 13717K, committed 13824K, reserved 1048576K
}
Event: 18,064 GC heap before
{Heap before GC invocations=28 (full 0):
 garbage-first heap   total 264192K, used 199954K [0x0000000080000000, 0x0000000100000000)
  region size 1024K, 89 young (91136K), 2 survivors (2048K)
 Metaspace       used 112601K, capacity 115949K, committed 116096K, reserved 1148928K
  class space    used 14666K, capacity 15984K, committed 16000K, reserved 1048576K
}
Event: 18,071 GC heap after
{Heap after GC invocations=29 (full 0):
 garbage-first heap   total 264192K, used 114410K [0x0000000080000000, 0x0000000100000000)
  region size 1024K, 5 young (5120K), 5 survivors (5120K)
 Metaspace       used 112601K, capacity 115949K, committed 116096K, reserved 1148928K
  class space    used 14666K, capacity 15984K, committed 16000K, reserved 1048576K
}
Event: 18,592 GC heap before
{Heap before GC invocations=29 (full 0):
 garbage-first heap   total 264192K, used 185066K [0x0000000080000000, 0x0000000100000000)
  region size 1024K, 68 young (69632K), 5 survivors (5120K)
 Metaspace       used 116793K, capacity 120600K, committed 120704K, reserved 1153024K
  class space    used 15282K, capacity 16722K, committed 16768K, reserved 1048576K
}
Event: 18,605 GC heap after
{Heap after GC invocations=30 (full 0):
 garbage-first heap   total 264192K, used 122144K [0x0000000080000000, 0x0000000100000000)
  region size 1024K, 4 young (4096K), 4 survivors (4096K)
 Metaspace       used 116793K, capacity 120600K, committed 120704K, reserved 1153024K
  class space    used 15282K, capacity 16722K, committed 16768K, reserved 1048576K
}
Event: 3165,072 GC heap before
{Heap before GC invocations=31 (full 0):
 garbage-first heap   total 264192K, used 228640K [0x0000000080000000, 0x0000000100000000)
  region size 1024K, 94 young (96256K), 4 survivors (4096K)
 Metaspace       used 117936K, capacity 121842K, committed 121984K, reserved 1155072K
  class space    used 15420K, capacity 16914K, committed 17024K, reserved 1048576K
}
Event: 3165,106 GC heap after
{Heap after GC invocations=32 (full 0):
 garbage-first heap   total 264192K, used 113768K [0x0000000080000000, 0x0000000100000000)
  region size 1024K, 4 young (4096K), 4 survivors (4096K)
 Metaspace       used 117936K, capacity 121842K, committed 121984K, reserved 1155072K
  class space    used 15420K, capacity 16914K, committed 17024K, reserved 1048576K
}
Event: 6765,108 GC heap before
{Heap before GC invocations=32 (full 0):
 garbage-first heap   total 264192K, used 194664K [0x0000000080000000, 0x0000000100000000)
  region size 1024K, 84 young (86016K), 4 survivors (4096K)
 Metaspace       used 118000K, capacity 121961K, committed 122240K, reserved 1155072K
  class space    used 15429K, capacity 16931K, committed 17024K, reserved 1048576K
}
Event: 6765,367 GC heap after
{Heap after GC invocations=33 (full 1):
 garbage-first heap   total 252928K, used 70736K [0x0000000080000000, 0x0000000100000000)
  region size 1024K, 0 young (0K), 0 survivors (0K)
 Metaspace       used 116054K, capacity 118878K, committed 122240K, reserved 1155072K
  class space    used 14896K, capacity 15957K, committed 17024K, reserved 1048576K
}
Event: 10258,400 GC heap before
{Heap before GC invocations=33 (full 1):
 garbage-first heap   total 252928K, used 193616K [0x0000000080000000, 0x0000000100000000)
  region size 1024K, 121 young (123904K), 0 survivors (0K)
 Metaspace       used 116505K, capacity 119410K, committed 122496K, reserved 1155072K
  class space    used 14932K, capacity 16019K, committed 17024K, reserved 1048576K
}
Event: 10258,413 GC heap after
{Heap after GC invocations=34 (full 1):
 garbage-first heap   total 252928K, used 75494K [0x0000000080000000, 0x0000000100000000)
  region size 1024K, 5 young (5120K), 5 survivors (5120K)
 Metaspace       used 116505K, capacity 119410K, committed 122496K, reserved 1155072K
  class space    used 14932K, capacity 16019K, committed 17024K, reserved 1048576K
}
Event: 10259,147 GC heap before
{Heap before GC invocations=34 (full 1):
 garbage-first heap   total 252928K, used 209638K [0x0000000080000000, 0x0000000100000000)
  region size 1024K, 132 young (135168K), 5 survivors (5120K)
 Metaspace       used 117761K, capacity 120727K, committed 123520K, reserved 1155072K
  class space    used 15002K, capacity 16122K, committed 17024K, reserved 1048576K
}
Event: 10259,174 GC heap after
{Heap after GC invocations=35 (full 1):
 garbage-first heap   total 252928K, used 96956K [0x0000000080000000, 0x0000000100000000)
  region size 1024K, 17 young (17408K), 17 survivors (17408K)
 Metaspace       used 117761K, capacity 120727K, committed 123520K, reserved 1155072K
  class space    used 15002K, capacity 16122K, committed 17024K, reserved 1048576K
}
Event: 10259,611 GC heap before
{Heap before GC invocations=35 (full 1):
 garbage-first heap   total 252928K, used 204476K [0x0000000080000000, 0x0000000100000000)
  region size 1024K, 108 young (110592K), 17 survivors (17408K)
 Metaspace       used 120395K, capacity 123431K, committed 126208K, reserved 1159168K
  class space    used 15321K, capacity 16474K, committed 17408K, reserved 1048576K
}
Event: 10259,627 GC heap after
{Heap after GC invocations=36 (full 1):
 garbage-first heap   total 252928K, used 103642K [0x0000000080000000, 0x0000000100000000)
  region size 1024K, 7 young (7168K), 7 survivors (7168K)
 Metaspace       used 120395K, capacity 123431K, committed 126208K, reserved 1159168K
  class space    used 15321K, capacity 16474K, committed 17408K, reserved 1048576K
}
Event: 10279,263 GC heap before
{Heap before GC invocations=36 (full 1):
 garbage-first heap   total 252928K, used 192730K [0x0000000080000000, 0x0000000100000000)
  region size 1024K, 95 young (97280K), 7 survivors (7168K)
 Metaspace       used 122484K, capacity 125715K, committed 127872K, reserved 1159168K
  class space    used 15537K, capacity 16731K, committed 17536K, reserved 1048576K
}
Event: 10279,281 GC heap after
{Heap after GC invocations=37 (full 1):
 garbage-first heap   total 252928K, used 106898K [0x0000000080000000, 0x0000000100000000)
  region size 1024K, 10 young (10240K), 10 survivors (10240K)
 Metaspace       used 122484K, capacity 125715K, committed 127872K, reserved 1159168K
  class space    used 15537K, capacity 16731K, committed 17536K, reserved 1048576K
}
Event: 10279,568 GC heap before
{Heap before GC invocations=37 (full 1):
 garbage-first heap   total 252928K, used 162194K [0x0000000080000000, 0x0000000100000000)
  region size 1024K, 55 young (56320K), 10 survivors (10240K)
 Metaspace       used 122559K, capacity 125782K, committed 127872K, reserved 1159168K
  class space    used 15537K, capacity 16731K, committed 17536K, reserved 1048576K
}
Event: 10279,616 GC heap after
{Heap after GC invocations=38 (full 1):
 garbage-first heap   total 252928K, used 128547K [0x0000000080000000, 0x0000000100000000)
  region size 1024K, 13 young (13312K), 13 survivors (13312K)
 Metaspace       used 122559K, capacity 125782K, committed 127872K, reserved 1159168K
  class space    used 15537K, capacity 16731K, committed 17536K, reserved 1048576K
}

