# JRE version: OpenJDK Runtime Environment (11.0.10) (build 11.0.10+0-b96-7249189)
# Java VM: OpenJDK 64-Bit Server VM (11.0.10+0-b96-7249189, mixed mode, tiered, compressed oops, g1 gc, linux-amd64)
Heap:
 garbage-first heap   total 221184K, used 141785K [0x0000000080000000, 0x0000000100000000)
  region size 1024K, 37 young (37888K), 1 survivors (1024K)
 Metaspace       used 111488K, capacity 115138K, committed 115236K, reserved 1148928K
  class space    used 14677K, capacity 16108K, committed 16164K, reserved 1048576K
GC Heap History (20 events):
Event: 8,566 GC heap before
{Heap before GC invocations=17 (full 0):
 garbage-first heap   total 221184K, used 169310K [0x0000000080000000, 0x0000000100000000)
  region size 1024K, 104 young (106496K), 12 survivors (12288K)
 Metaspace       used 85228K, capacity 87450K, committed 87552K, reserved 1124352K
  class space    used 11094K, capacity 11955K, committed 12032K, reserved 1048576K
}
Event: 8,578 GC heap after
{Heap after GC invocations=18 (full 0):
 garbage-first heap   total 221184K, used 80925K [0x0000000080000000, 0x0000000100000000)
  region size 1024K, 6 young (6144K), 6 survivors (6144K)
 Metaspace       used 85228K, capacity 87450K, committed 87552K, reserved 1124352K
  class space    used 11094K, capacity 11955K, committed 12032K, reserved 1048576K
}
Event: 15,741 GC heap before
{Heap before GC invocations=18 (full 0):
 garbage-first heap   total 221184K, used 174109K [0x0000000080000000, 0x0000000100000000)
  region size 1024K, 97 young (99328K), 6 survivors (6144K)
 Metaspace       used 92164K, capacity 94705K, committed 94976K, reserved 1130496K
  class space    used 12043K, capacity 12971K, committed 13056K, reserved 1048576K
}
Event: 15,750 GC heap after
{Heap after GC invocations=19 (full 0):
 garbage-first heap   total 221184K, used 85092K [0x0000000080000000, 0x0000000100000000)
  region size 1024K, 10 young (10240K), 10 survivors (10240K)
 Metaspace       used 92164K, capacity 94705K, committed 94976K, reserved 1130496K
  class space    used 12043K, capacity 12971K, committed 13056K, reserved 1048576K
}
Event: 16,167 GC heap before
{Heap before GC invocations=19 (full 0):
 garbage-first heap   total 221184K, used 176228K [0x0000000080000000, 0x0000000100000000)
  region size 1024K, 100 young (102400K), 10 survivors (10240K)
 Metaspace       used 93747K, capacity 96283K, committed 96384K, reserved 1132544K
  class space    used 12192K, capacity 13172K, committed 13184K, reserved 1048576K
}
Event: 16,181 GC heap after
{Heap after GC invocations=20 (full 0):
 garbage-first heap   total 221184K, used 93303K [0x0000000080000000, 0x0000000100000000)
  region size 1024K, 13 young (13312K), 13 survivors (13312K)
 Metaspace       used 93747K, capacity 96283K, committed 96384K, reserved 1132544K
  class space    used 12192K, capacity 13172K, committed 13184K, reserved 1048576K
}
Event: 16,539 GC heap before
{Heap before GC invocations=20 (full 0):
 garbage-first heap   total 221184K, used 118903K [0x0000000080000000, 0x0000000100000000)
  region size 1024K, 40 young (40960K), 13 survivors (13312K)
 Metaspace       used 97801K, capacity 100537K, committed 100696K, reserved 1136640K
  class space    used 12797K, capacity 13847K, committed 13912K, reserved 1048576K
}
Event: 16,549 GC heap after
{Heap after GC invocations=21 (full 0):
 garbage-first heap   total 221184K, used 96222K [0x0000000080000000, 0x0000000100000000)
  region size 1024K, 3 young (3072K), 3 survivors (3072K)
 Metaspace       used 97801K, capacity 100537K, committed 100696K, reserved 1136640K
  class space    used 12797K, capacity 13847K, committed 13912K, reserved 1048576K
}
Event: 17,068 GC heap before
{Heap before GC invocations=22 (full 0):
 garbage-first heap   total 221184K, used 161758K [0x0000000080000000, 0x0000000100000000)
  region size 1024K, 68 young (69632K), 3 survivors (3072K)
 Metaspace       used 105742K, capacity 109242K, committed 109476K, reserved 1142784K
  class space    used 14109K, capacity 15489K, committed 15524K, reserved 1048576K
}
Event: 17,077 GC heap after
{Heap after GC invocations=23 (full 0):
 garbage-first heap   total 221184K, used 96326K [0x0000000080000000, 0x0000000100000000)
  region size 1024K, 4 young (4096K), 4 survivors (4096K)
 Metaspace       used 105742K, capacity 109242K, committed 109476K, reserved 1142784K
  class space    used 14109K, capacity 15489K, committed 15524K, reserved 1048576K
}
Event: 17,735 GC heap before
{Heap before GC invocations=24 (full 0):
 garbage-first heap   total 221184K, used 151622K [0x0000000080000000, 0x0000000100000000)
  region size 1024K, 54 young (55296K), 4 survivors (4096K)
 Metaspace       used 108840K, capacity 112479K, committed 112804K, reserved 1146880K
  class space    used 14571K, capacity 15977K, committed 16036K, reserved 1048576K
}
Event: 17,743 GC heap after
{Heap after GC invocations=25 (full 0):
 garbage-first heap   total 221184K, used 105215K [0x0000000080000000, 0x0000000100000000)
  region size 1024K, 6 young (6144K), 6 survivors (6144K)
 Metaspace       used 108840K, capacity 112479K, committed 112804K, reserved 1146880K
  class space    used 14571K, capacity 15977K, committed 16036K, reserved 1048576K
}
Event: 106,753 GC heap before
{Heap before GC invocations=26 (full 0):
 garbage-first heap   total 221184K, used 191231K [0x0000000080000000, 0x0000000100000000)
  region size 1024K, 73 young (74752K), 6 survivors (6144K)
 Metaspace       used 110318K, capacity 114116K, committed 114212K, reserved 1146880K
  class space    used 14683K, capacity 16105K, committed 16164K, reserved 1048576K
}
Event: 106,774 GC heap after
{Heap after GC invocations=27 (full 0):
 garbage-first heap   total 221184K, used 104840K [0x0000000080000000, 0x0000000100000000)
  region size 1024K, 10 young (10240K), 10 survivors (10240K)
 Metaspace       used 110318K, capacity 114116K, committed 114212K, reserved 1146880K
  class space    used 14683K, capacity 16105K, committed 16164K, reserved 1048576K
}
Event: 108,842 GC heap before
{Heap before GC invocations=27 (full 0):
 garbage-first heap   total 221184K, used 168328K [0x0000000080000000, 0x0000000100000000)
  region size 1024K, 70 young (71680K), 10 survivors (10240K)
 Metaspace       used 110742K, capacity 114522K, committed 114724K, reserved 1148928K
  class space    used 14691K, capacity 16119K, committed 16164K, reserved 1048576K
}
Event: 108,858 GC heap after
{Heap after GC invocations=28 (full 0):
 garbage-first heap   total 221184K, used 112106K [0x0000000080000000, 0x0000000100000000)
  region size 1024K, 4 young (4096K), 4 survivors (4096K)
 Metaspace       used 110742K, capacity 114522K, committed 114724K, reserved 1148928K
  class space    used 14691K, capacity 16119K, committed 16164K, reserved 1048576K
}
Event: 2490,922 GC heap before
{Heap before GC invocations=29 (full 0):
 garbage-first heap   total 221184K, used 195050K [0x0000000080000000, 0x0000000100000000)
  region size 1024K, 66 young (67584K), 4 survivors (4096K)
 Metaspace       used 111087K, capacity 114774K, committed 114980K, reserved 1148928K
  class space    used 14666K, capacity 16066K, committed 16164K, reserved 1048576K
}
Event: 2490,982 GC heap after
{Heap after GC invocations=30 (full 0):
 garbage-first heap   total 221184K, used 106593K [0x0000000080000000, 0x0000000100000000)
  region size 1024K, 2 young (2048K), 2 survivors (2048K)
 Metaspace       used 111087K, capacity 114774K, committed 114980K, reserved 1148928K
  class space    used 14666K, capacity 16066K, committed 16164K, reserved 1048576K
}
Event: 2838,762 GC heap before
{Heap before GC invocations=30 (full 0):
 garbage-first heap   total 221184K, used 113761K [0x0000000080000000, 0x0000000100000000)
  region size 1024K, 10 young (10240K), 2 survivors (2048K)
 Metaspace       used 111102K, capacity 114838K, committed 115236K, reserved 1148928K
  class space    used 14666K, capacity 16066K, committed 16164K, reserved 1048576K
}
Event: 2838,779 GC heap after
{Heap after GC invocations=31 (full 0):
 garbage-first heap   total 221184K, used 105945K [0x0000000080000000, 0x0000000100000000)
  region size 1024K, 1 young (1024K), 1 survivors (1024K)
 Metaspace       used 111102K, capacity 114838K, committed 115236K, reserved 1148928K
  class space    used 14666K, capacity 16066K, committed 16164K, reserved 1048576K
}

