# JRE version: OpenJDK Runtime Environment (11.0.10) (build 11.0.10+0-b96-7249189)
# Java VM: OpenJDK 64-Bit Server VM (11.0.10+0-b96-7249189, mixed mode, tiered, compressed oops, g1 gc, linux-amd64)
Heap:
 garbage-first heap   total 226304K, used 117421K [0x0000000080000000, 0x0000000100000000)
  region size 1024K, 8 young (8192K), 2 survivors (2048K)
 Metaspace       used 141599K, capacity 147044K, committed 147288K, reserved 1177600K
  class space    used 17316K, capacity 19280K, committed 19328K, reserved 1048576K
GC Heap History (20 events):
Event: 21612,173 GC heap before
{Heap before GC invocations=194 (full 0):
 garbage-first heap   total 226304K, used 146259K [0x0000000080000000, 0x0000000100000000)
  region size 1024K, 38 young (38912K), 1 survivors (1024K)
 Metaspace       used 140984K, capacity 146343K, committed 146648K, reserved 1177600K
  class space    used 17237K, capacity 19160K, committed 19200K, reserved 1048576K
}
Event: 21612,205 GC heap after
{Heap after GC invocations=195 (full 0):
 garbage-first heap   total 226304K, used 111071K [0x0000000080000000, 0x0000000100000000)
  region size 1024K, 2 young (2048K), 2 survivors (2048K)
 Metaspace       used 140984K, capacity 146343K, committed 146648K, reserved 1177600K
  class space    used 17237K, capacity 19160K, committed 19200K, reserved 1048576K
}
Event: 21735,573 GC heap before
{Heap before GC invocations=196 (full 0):
 garbage-first heap   total 226304K, used 203231K [0x0000000080000000, 0x0000000100000000)
  region size 1024K, 69 young (70656K), 2 survivors (2048K)
 Metaspace       used 141030K, capacity 146409K, committed 146648K, reserved 1177600K
  class space    used 17238K, capacity 19160K, committed 19200K, reserved 1048576K
}
Event: 21735,584 GC heap after
{Heap after GC invocations=197 (full 0):
 garbage-first heap   total 226304K, used 116602K [0x0000000080000000, 0x0000000100000000)
  region size 1024K, 8 young (8192K), 8 survivors (8192K)
 Metaspace       used 141030K, capacity 146409K, committed 146648K, reserved 1177600K
  class space    used 17238K, capacity 19160K, committed 19200K, reserved 1048576K
}
Event: 21735,615 GC heap before
{Heap before GC invocations=197 (full 0):
 garbage-first heap   total 226304K, used 119674K [0x0000000080000000, 0x0000000100000000)
  region size 1024K, 11 young (11264K), 8 survivors (8192K)
 Metaspace       used 141030K, capacity 146409K, committed 146648K, reserved 1177600K
  class space    used 17238K, capacity 19160K, committed 19200K, reserved 1048576K
}
Event: 21735,640 GC heap after
{Heap after GC invocations=198 (full 0):
 garbage-first heap   total 226304K, used 107393K [0x0000000080000000, 0x0000000100000000)
  region size 1024K, 1 young (1024K), 1 survivors (1024K)
 Metaspace       used 141030K, capacity 146409K, committed 146648K, reserved 1177600K
  class space    used 17238K, capacity 19160K, committed 19200K, reserved 1048576K
}
Event: 21736,758 GC heap before
{Heap before GC invocations=198 (full 0):
 garbage-first heap   total 226304K, used 150401K [0x0000000080000000, 0x0000000100000000)
  region size 1024K, 45 young (46080K), 1 survivors (1024K)
 Metaspace       used 141103K, capacity 146467K, committed 146648K, reserved 1177600K
  class space    used 17243K, capacity 19169K, committed 19200K, reserved 1048576K
}
Event: 21736,769 GC heap after
{Heap after GC invocations=199 (full 0):
 garbage-first heap   total 226304K, used 108873K [0x0000000080000000, 0x0000000100000000)
  region size 1024K, 2 young (2048K), 2 survivors (2048K)
 Metaspace       used 141103K, capacity 146467K, committed 146648K, reserved 1177600K
  class space    used 17243K, capacity 19169K, committed 19200K, reserved 1048576K
}
Event: 21764,908 GC heap before
{Heap before GC invocations=200 (full 0):
 garbage-first heap   total 226304K, used 206153K [0x0000000080000000, 0x0000000100000000)
  region size 1024K, 74 young (75776K), 2 survivors (2048K)
 Metaspace       used 141146K, capacity 146491K, committed 146648K, reserved 1177600K
  class space    used 17245K, capacity 19172K, committed 19200K, reserved 1048576K
}
Event: 21764,932 GC heap after
{Heap after GC invocations=201 (full 0):
 garbage-first heap   total 226304K, used 114654K [0x0000000080000000, 0x0000000100000000)
  region size 1024K, 8 young (8192K), 8 survivors (8192K)
 Metaspace       used 141146K, capacity 146491K, committed 146648K, reserved 1177600K
  class space    used 17245K, capacity 19172K, committed 19200K, reserved 1048576K
}
Event: 21764,953 GC heap before
{Heap before GC invocations=201 (full 0):
 garbage-first heap   total 226304K, used 117726K [0x0000000080000000, 0x0000000100000000)
  region size 1024K, 11 young (11264K), 8 survivors (8192K)
 Metaspace       used 141147K, capacity 146491K, committed 146648K, reserved 1177600K
  class space    used 17245K, capacity 19172K, committed 19200K, reserved 1048576K
}
Event: 21764,980 GC heap after
{Heap after GC invocations=202 (full 0):
 garbage-first heap   total 226304K, used 108912K [0x0000000080000000, 0x0000000100000000)
  region size 1024K, 1 young (1024K), 1 survivors (1024K)
 Metaspace       used 141147K, capacity 146491K, committed 146648K, reserved 1177600K
  class space    used 17245K, capacity 19172K, committed 19200K, reserved 1048576K
}
Event: 21765,222 GC heap before
{Heap before GC invocations=202 (full 0):
 garbage-first heap   total 226304K, used 142704K [0x0000000080000000, 0x0000000100000000)
  region size 1024K, 36 young (36864K), 1 survivors (1024K)
 Metaspace       used 141227K, capacity 146560K, committed 146648K, reserved 1177600K
  class space    used 17245K, capacity 19172K, committed 19200K, reserved 1048576K
}
Event: 21765,233 GC heap after
{Heap after GC invocations=203 (full 0):
 garbage-first heap   total 226304K, used 109377K [0x0000000080000000, 0x0000000100000000)
  region size 1024K, 2 young (2048K), 2 survivors (2048K)
 Metaspace       used 141227K, capacity 146560K, committed 146648K, reserved 1177600K
  class space    used 17245K, capacity 19172K, committed 19200K, reserved 1048576K
}
Event: 24572,700 GC heap before
{Heap before GC invocations=204 (full 0):
 garbage-first heap   total 226304K, used 203585K [0x0000000080000000, 0x0000000100000000)
  region size 1024K, 71 young (72704K), 2 survivors (2048K)
 Metaspace       used 141228K, capacity 146560K, committed 146648K, reserved 1177600K
  class space    used 17245K, capacity 19172K, committed 19200K, reserved 1048576K
}
Event: 24572,737 GC heap after
{Heap after GC invocations=205 (full 0):
 garbage-first heap   total 226304K, used 108897K [0x0000000080000000, 0x0000000100000000)
  region size 1024K, 1 young (1024K), 1 survivors (1024K)
 Metaspace       used 141228K, capacity 146560K, committed 146648K, reserved 1177600K
  class space    used 17245K, capacity 19172K, committed 19200K, reserved 1048576K
}
Event: 25031,619 GC heap before
{Heap before GC invocations=205 (full 0):
 garbage-first heap   total 226304K, used 118113K [0x0000000080000000, 0x0000000100000000)
  region size 1024K, 11 young (11264K), 1 survivors (1024K)
 Metaspace       used 141228K, capacity 146560K, committed 146648K, reserved 1177600K
  class space    used 17245K, capacity 19172K, committed 19200K, reserved 1048576K
}
Event: 25031,724 GC heap after
{Heap after GC invocations=206 (full 0):
 garbage-first heap   total 226304K, used 102614K [0x0000000080000000, 0x0000000100000000)
  region size 1024K, 1 young (1024K), 1 survivors (1024K)
 Metaspace       used 141228K, capacity 146560K, committed 146648K, reserved 1177600K
  class space    used 17245K, capacity 19172K, committed 19200K, reserved 1048576K
}
Event: 25165,915 GC heap before
{Heap before GC invocations=206 (full 0):
 garbage-first heap   total 226304K, used 108758K [0x0000000080000000, 0x0000000100000000)
  region size 1024K, 8 young (8192K), 1 survivors (1024K)
 Metaspace       used 141305K, capacity 146632K, committed 146648K, reserved 1177600K
  class space    used 17257K, capacity 19186K, committed 19200K, reserved 1048576K
}
Event: 25165,921 GC heap after
{Heap after GC invocations=207 (full 0):
 garbage-first heap   total 226304K, used 103085K [0x0000000080000000, 0x0000000100000000)
  region size 1024K, 2 young (2048K), 2 survivors (2048K)
 Metaspace       used 141305K, capacity 146632K, committed 146648K, reserved 1177600K
  class space    used 17257K, capacity 19186K, committed 19200K, reserved 1048576K
}

