# JRE version: OpenJDK Runtime Environment (11.0.10) (build 11.0.10+0-b96-7249189)
# Java VM: OpenJDK 64-Bit Server VM (11.0.10+0-b96-7249189, mixed mode, tiered, compressed oops, g1 gc, linux-amd64)
Heap:
 garbage-first heap   total 296960K, used 207584K [0x0000000080000000, 0x0000000100000000)
  region size 1024K, 107 young (109568K), 0 survivors (0K)
 Metaspace       used 141759K, capacity 147102K, committed 149464K, reserved 1179648K
  class space    used 17440K, capacity 19339K, committed 20184K, reserved 1048576K
GC Heap History (20 events):
Event: 2147,925 GC heap before
{Heap before GC invocations=24 (full 0):
 garbage-first heap   total 446464K, used 358704K [0x0000000080000000, 0x0000000100000000)
  region size 1024K, 246 young (251904K), 11 survivors (11264K)
 Metaspace       used 135388K, capacity 139870K, committed 140120K, reserved 1171456K
  class space    used 17056K, capacity 18738K, committed 18776K, reserved 1048576K
}
Event: 2147,945 GC heap after
{Heap after GC invocations=25 (full 0):
 garbage-first heap   total 446464K, used 122631K [0x0000000080000000, 0x0000000100000000)
  region size 1024K, 14 young (14336K), 14 survivors (14336K)
 Metaspace       used 135388K, capacity 139870K, committed 140120K, reserved 1171456K
  class space    used 17056K, capacity 18738K, committed 18776K, reserved 1048576K
}
Event: 2154,716 GC heap before
{Heap before GC invocations=25 (full 0):
 garbage-first heap   total 446464K, used 366343K [0x0000000080000000, 0x0000000100000000)
  region size 1024K, 247 young (252928K), 14 survivors (14336K)
 Metaspace       used 136252K, capacity 140750K, committed 141016K, reserved 1171456K
  class space    used 17114K, capacity 18816K, committed 18904K, reserved 1048576K
}
Event: 2154,742 GC heap after
{Heap after GC invocations=26 (full 0):
 garbage-first heap   total 446464K, used 137837K [0x0000000080000000, 0x0000000100000000)
  region size 1024K, 27 young (27648K), 27 survivors (27648K)
 Metaspace       used 136252K, capacity 140750K, committed 141016K, reserved 1171456K
  class space    used 17114K, capacity 18816K, committed 18904K, reserved 1048576K
}
Event: 2350,632 GC heap before
{Heap before GC invocations=26 (full 0):
 garbage-first heap   total 446464K, used 407149K [0x0000000080000000, 0x0000000100000000)
  region size 1024K, 244 young (249856K), 27 survivors (27648K)
 Metaspace       used 136731K, capacity 141268K, committed 141528K, reserved 1171456K
  class space    used 17130K, capacity 18841K, committed 18904K, reserved 1048576K
}
Event: 2350,674 GC heap after
{Heap after GC invocations=27 (full 0):
 garbage-first heap   total 446464K, used 124916K [0x0000000080000000, 0x0000000100000000)
  region size 1024K, 12 young (12288K), 12 survivors (12288K)
 Metaspace       used 136731K, capacity 141268K, committed 141528K, reserved 1171456K
  class space    used 17130K, capacity 18841K, committed 18904K, reserved 1048576K
}
Event: 5532,717 GC heap before
{Heap before GC invocations=27 (full 0):
 garbage-first heap   total 446464K, used 445428K [0x0000000080000000, 0x0000000100000000)
  region size 1024K, 242 young (247808K), 12 survivors (12288K)
 Metaspace       used 137912K, capacity 142953K, committed 143064K, reserved 1173504K
  class space    used 17294K, capacity 19144K, committed 19160K, reserved 1048576K
}
Event: 5532,741 GC heap after
{Heap after GC invocations=28 (full 0):
 garbage-first heap   total 451584K, used 117660K [0x0000000080000000, 0x0000000100000000)
  region size 1024K, 5 young (5120K), 5 survivors (5120K)
 Metaspace       used 137912K, capacity 142953K, committed 143064K, reserved 1173504K
  class space    used 17294K, capacity 19144K, committed 19160K, reserved 1048576K
}
Event: 5704,207 GC heap before
{Heap before GC invocations=28 (full 0):
 garbage-first heap   total 451584K, used 413596K [0x0000000080000000, 0x0000000100000000)
  region size 1024K, 253 young (259072K), 5 survivors (5120K)
 Metaspace       used 138664K, capacity 143660K, committed 143960K, reserved 1173504K
  class space    used 17331K, capacity 19213K, committed 19288K, reserved 1048576K
}
Event: 5704,223 GC heap after
{Heap after GC invocations=29 (full 0):
 garbage-first heap   total 451584K, used 123463K [0x0000000080000000, 0x0000000100000000)
  region size 1024K, 11 young (11264K), 11 survivors (11264K)
 Metaspace       used 138664K, capacity 143660K, committed 143960K, reserved 1173504K
  class space    used 17331K, capacity 19213K, committed 19288K, reserved 1048576K
}
Event: 8613,396 GC heap before
{Heap before GC invocations=29 (full 0):
 garbage-first heap   total 451584K, used 450119K [0x0000000080000000, 0x0000000100000000)
  region size 1024K, 247 young (252928K), 11 survivors (11264K)
 Metaspace       used 138975K, capacity 143999K, committed 144216K, reserved 1173504K
  class space    used 17333K, capacity 19214K, committed 19288K, reserved 1048576K
}
Event: 8613,435 GC heap after
{Heap after GC invocations=30 (full 0):
 garbage-first heap   total 457728K, used 118772K [0x0000000080000000, 0x0000000100000000)
  region size 1024K, 6 young (6144K), 6 survivors (6144K)
 Metaspace       used 138975K, capacity 143999K, committed 144216K, reserved 1173504K
  class space    used 17333K, capacity 19214K, committed 19288K, reserved 1048576K
}
Event: 8797,210 GC heap before
{Heap before GC invocations=30 (full 0):
 garbage-first heap   total 457728K, used 422900K [0x0000000080000000, 0x0000000100000000)
  region size 1024K, 262 young (268288K), 6 survivors (6144K)
 Metaspace       used 139972K, capacity 144992K, committed 145112K, reserved 1175552K
  class space    used 17442K, capacity 19345K, committed 19416K, reserved 1048576K
}
Event: 8797,227 GC heap after
{Heap after GC invocations=31 (full 0):
 garbage-first heap   total 457728K, used 121425K [0x0000000080000000, 0x0000000100000000)
  region size 1024K, 9 young (9216K), 9 survivors (9216K)
 Metaspace       used 139972K, capacity 144992K, committed 145112K, reserved 1175552K
  class space    used 17442K, capacity 19345K, committed 19416K, reserved 1048576K
}
Event: 10131,613 GC heap before
{Heap before GC invocations=31 (full 0):
 garbage-first heap   total 459776K, used 458321K [0x0000000080000000, 0x0000000100000000)
  region size 1024K, 255 young (261120K), 9 survivors (9216K)
 Metaspace       used 140328K, capacity 145340K, committed 145624K, reserved 1175552K
  class space    used 17444K, capacity 19347K, committed 19416K, reserved 1048576K
}
Event: 10131,632 GC heap after
{Heap after GC invocations=32 (full 0):
 garbage-first heap   total 463872K, used 116724K [0x0000000080000000, 0x0000000100000000)
  region size 1024K, 4 young (4096K), 4 survivors (4096K)
 Metaspace       used 140328K, capacity 145340K, committed 145624K, reserved 1175552K
  class space    used 17444K, capacity 19347K, committed 19416K, reserved 1048576K
}
Event: 10286,760 GC heap before
{Heap before GC invocations=32 (full 0):
 garbage-first heap   total 480256K, used 475124K [0x0000000080000000, 0x0000000100000000)
  region size 1024K, 271 young (277504K), 4 survivors (4096K)
 Metaspace       used 142457K, capacity 148468K, committed 148824K, reserved 1177600K
  class space    used 17784K, capacity 19978K, committed 20056K, reserved 1048576K
}
Event: 10286,772 GC heap after
{Heap after GC invocations=33 (full 0):
 garbage-first heap   total 487424K, used 123719K [0x0000000080000000, 0x0000000100000000)
  region size 1024K, 11 young (11264K), 11 survivors (11264K)
 Metaspace       used 142457K, capacity 148468K, committed 148824K, reserved 1177600K
  class space    used 17784K, capacity 19978K, committed 20056K, reserved 1048576K
}
Event: 13886,775 GC heap before
{Heap before GC invocations=33 (full 0):
 garbage-first heap   total 487424K, used 385863K [0x0000000080000000, 0x0000000100000000)
  region size 1024K, 227 young (232448K), 11 survivors (11264K)
 Metaspace       used 142910K, capacity 148949K, committed 149208K, reserved 1177600K
  class space    used 17833K, capacity 20062K, committed 20184K, reserved 1048576K
}
Event: 13887,394 GC heap after
{Heap after GC invocations=34 (full 1):
 garbage-first heap   total 296960K, used 82656K [0x0000000080000000, 0x0000000100000000)
  region size 1024K, 0 young (0K), 0 survivors (0K)
 Metaspace       used 141568K, capacity 146819K, committed 149208K, reserved 1177600K
  class space    used 17437K, capacity 19335K, committed 20184K, reserved 1048576K
}

