# JRE version: OpenJDK Runtime Environment (11.0.10) (build 11.0.10+0-b96-7249189)
# Java VM: OpenJDK 64-Bit Server VM (11.0.10+0-b96-7249189, mixed mode, tiered, compressed oops, g1 gc, linux-amd64)
Heap:
 garbage-first heap   total 243712K, used 140214K [0x0000000080000000, 0x0000000100000000)
  region size 1024K, 21 young (21504K), 4 survivors (4096K)
 Metaspace       used 130273K, capacity 134069K, committed 135552K, reserved 1167360K
  class space    used 16394K, capacity 17761K, committed 18304K, reserved 1048576K
GC Heap History (20 events):
Event: 4921,271 GC heap before
{Heap before GC invocations=42 (full 0):
 garbage-first heap   total 243712K, used 138654K [0x0000000080000000, 0x0000000100000000)
  region size 1024K, 32 young (32768K), 1 survivors (1024K)
 Metaspace       used 128951K, capacity 132365K, committed 134528K, reserved 1165312K
  class space    used 16282K, capacity 17579K, committed 18304K, reserved 1048576K
}
Event: 4921,280 GC heap after
{Heap after GC invocations=43 (full 0):
 garbage-first heap   total 243712K, used 109422K [0x0000000080000000, 0x0000000100000000)
  region size 1024K, 2 young (2048K), 2 survivors (2048K)
 Metaspace       used 128951K, capacity 132365K, committed 134528K, reserved 1165312K
  class space    used 16282K, capacity 17579K, committed 18304K, reserved 1048576K
}
Event: 5115,969 GC heap before
{Heap before GC invocations=44 (full 0):
 garbage-first heap   total 243712K, used 199534K [0x0000000080000000, 0x0000000100000000)
  region size 1024K, 82 young (83968K), 2 survivors (2048K)
 Metaspace       used 129337K, capacity 132832K, committed 134784K, reserved 1165312K
  class space    used 16309K, capacity 17628K, committed 18304K, reserved 1048576K
}
Event: 5115,994 GC heap after
{Heap after GC invocations=45 (full 0):
 garbage-first heap   total 243712K, used 116052K [0x0000000080000000, 0x0000000100000000)
  region size 1024K, 8 young (8192K), 8 survivors (8192K)
 Metaspace       used 129337K, capacity 132832K, committed 134784K, reserved 1165312K
  class space    used 16309K, capacity 17628K, committed 18304K, reserved 1048576K
}
Event: 5116,025 GC heap before
{Heap before GC invocations=45 (full 0):
 garbage-first heap   total 243712K, used 118100K [0x0000000080000000, 0x0000000100000000)
  region size 1024K, 11 young (11264K), 8 survivors (8192K)
 Metaspace       used 129337K, capacity 132832K, committed 134784K, reserved 1165312K
  class space    used 16309K, capacity 17628K, committed 18304K, reserved 1048576K
}
Event: 5116,058 GC heap after
{Heap after GC invocations=46 (full 0):
 garbage-first heap   total 243712K, used 105740K [0x0000000080000000, 0x0000000100000000)
  region size 1024K, 2 young (2048K), 2 survivors (2048K)
 Metaspace       used 129337K, capacity 132832K, committed 134784K, reserved 1165312K
  class space    used 16309K, capacity 17628K, committed 18304K, reserved 1048576K
}
Event: 5116,249 GC heap before
{Heap before GC invocations=46 (full 0):
 garbage-first heap   total 243712K, used 123148K [0x0000000080000000, 0x0000000100000000)
  region size 1024K, 21 young (21504K), 2 survivors (2048K)
 Metaspace       used 129353K, capacity 132844K, committed 134784K, reserved 1165312K
  class space    used 16310K, capacity 17631K, committed 18304K, reserved 1048576K
}
Event: 5116,278 GC heap after
{Heap after GC invocations=47 (full 0):
 garbage-first heap   total 243712K, used 105328K [0x0000000080000000, 0x0000000100000000)
  region size 1024K, 1 young (1024K), 1 survivors (1024K)
 Metaspace       used 129353K, capacity 132844K, committed 134784K, reserved 1165312K
  class space    used 16310K, capacity 17631K, committed 18304K, reserved 1048576K
}
Event: 5821,850 GC heap before
{Heap before GC invocations=48 (full 0):
 garbage-first heap   total 243712K, used 203632K [0x0000000080000000, 0x0000000100000000)
  region size 1024K, 89 young (91136K), 1 survivors (1024K)
 Metaspace       used 129528K, capacity 133113K, committed 135040K, reserved 1165312K
  class space    used 16312K, capacity 17632K, committed 18304K, reserved 1048576K
}
Event: 5821,890 GC heap after
{Heap after GC invocations=49 (full 0):
 garbage-first heap   total 243712K, used 111924K [0x0000000080000000, 0x0000000100000000)
  region size 1024K, 8 young (8192K), 8 survivors (8192K)
 Metaspace       used 129528K, capacity 133113K, committed 135040K, reserved 1165312K
  class space    used 16312K, capacity 17632K, committed 18304K, reserved 1048576K
}
Event: 5821,922 GC heap before
{Heap before GC invocations=49 (full 0):
 garbage-first heap   total 243712K, used 114996K [0x0000000080000000, 0x0000000100000000)
  region size 1024K, 11 young (11264K), 8 survivors (8192K)
 Metaspace       used 129545K, capacity 133181K, committed 135296K, reserved 1167360K
  class space    used 16312K, capacity 17632K, committed 18304K, reserved 1048576K
}
Event: 5821,953 GC heap after
{Heap after GC invocations=50 (full 0):
 garbage-first heap   total 243712K, used 106229K [0x0000000080000000, 0x0000000100000000)
  region size 1024K, 1 young (1024K), 1 survivors (1024K)
 Metaspace       used 129545K, capacity 133181K, committed 135296K, reserved 1167360K
  class space    used 16312K, capacity 17632K, committed 18304K, reserved 1048576K
}
Event: 5822,424 GC heap before
{Heap before GC invocations=50 (full 0):
 garbage-first heap   total 243712K, used 125685K [0x0000000080000000, 0x0000000100000000)
  region size 1024K, 22 young (22528K), 1 survivors (1024K)
 Metaspace       used 129588K, capacity 133183K, committed 135296K, reserved 1167360K
  class space    used 16313K, capacity 17632K, committed 18304K, reserved 1048576K
}
Event: 5822,443 GC heap after
{Heap after GC invocations=51 (full 0):
 garbage-first heap   total 243712K, used 106265K [0x0000000080000000, 0x0000000100000000)
  region size 1024K, 1 young (1024K), 1 survivors (1024K)
 Metaspace       used 129588K, capacity 133183K, committed 135296K, reserved 1167360K
  class space    used 16313K, capacity 17632K, committed 18304K, reserved 1048576K
}
Event: 6883,684 GC heap before
{Heap before GC invocations=52 (full 0):
 garbage-first heap   total 243712K, used 206617K [0x0000000080000000, 0x0000000100000000)
  region size 1024K, 89 young (91136K), 1 survivors (1024K)
 Metaspace       used 130096K, capacity 133874K, committed 135296K, reserved 1167360K
  class space    used 16382K, capacity 17760K, committed 18304K, reserved 1048576K
}
Event: 6883,701 GC heap after
{Heap after GC invocations=53 (full 0):
 garbage-first heap   total 243712K, used 122870K [0x0000000080000000, 0x0000000100000000)
  region size 1024K, 12 young (12288K), 12 survivors (12288K)
 Metaspace       used 130096K, capacity 133874K, committed 135296K, reserved 1167360K
  class space    used 16382K, capacity 17760K, committed 18304K, reserved 1048576K
}
Event: 6883,707 GC heap before
{Heap before GC invocations=53 (full 0):
 garbage-first heap   total 243712K, used 123894K [0x0000000080000000, 0x0000000100000000)
  region size 1024K, 13 young (13312K), 12 survivors (12288K)
 Metaspace       used 130100K, capacity 133874K, committed 135296K, reserved 1167360K
  class space    used 16382K, capacity 17760K, committed 18304K, reserved 1048576K
}
Event: 6883,725 GC heap after
{Heap after GC invocations=54 (full 0):
 garbage-first heap   total 243712K, used 118368K [0x0000000080000000, 0x0000000100000000)
  region size 1024K, 1 young (1024K), 1 survivors (1024K)
 Metaspace       used 130100K, capacity 133874K, committed 135296K, reserved 1167360K
  class space    used 16382K, capacity 17760K, committed 18304K, reserved 1048576K
}
Event: 6883,827 GC heap before
{Heap before GC invocations=54 (full 0):
 garbage-first heap   total 243712K, used 134752K [0x0000000080000000, 0x0000000100000000)
  region size 1024K, 19 young (19456K), 1 survivors (1024K)
 Metaspace       used 130260K, capacity 134066K, committed 135552K, reserved 1167360K
  class space    used 16393K, capacity 17760K, committed 18304K, reserved 1048576K
}
Event: 6883,847 GC heap after
{Heap after GC invocations=55 (full 0):
 garbage-first heap   total 243712K, used 120758K [0x0000000080000000, 0x0000000100000000)
  region size 1024K, 4 young (4096K), 4 survivors (4096K)
 Metaspace       used 130260K, capacity 134066K, committed 135552K, reserved 1167360K
  class space    used 16393K, capacity 17760K, committed 18304K, reserved 1048576K
}

